<?xml version="1.0" encoding="UTF-8"?>
<testsuite xmlns:xsi="http://www.w3.org/2001/XMLSchema-instance" xsi:noNamespaceSchemaLocation="https://maven.apache.org/surefire/maven-surefire-plugin/xsd/surefire-test-report.xsd" name="cucumberOptions.TestRunner" time="15.703" tests="4" errors="0" skipped="0" failures="0">
  <properties>
    <property name="sun.desktop" value="windows"/>
    <property name="awt.toolkit" value="sun.awt.windows.WToolkit"/>
    <property name="file.encoding.pkg" value="sun.io"/>
    <property name="java.specification.version" value="1.8"/>
    <property name="sun.cpu.isalist" value="amd64"/>
    <property name="sun.jnu.encoding" value="Cp1252"/>
    <property name="java.class.path" value="D:\Curso Cucumber with Java-Automation Framework\Automation\target\test-classes;D:\Curso Cucumber with Java-Automation Framework\Automation\target\classes;D:\Curso Cucumber with Java-Automation Framework\M2\io\cucumber\cucumber-java\6.2.2\cucumber-java-6.2.2.jar;D:\Curso Cucumber with Java-Automation Framework\M2\io\cucumber\cucumber-core\6.2.2\cucumber-core-6.2.2.jar;D:\Curso Cucumber with Java-Automation Framework\M2\io\cucumber\cucumber-gherkin\6.2.2\cucumber-gherkin-6.2.2.jar;D:\Curso Cucumber with Java-Automation Framework\M2\io\cucumber\cucumber-gherkin-messages\6.2.2\cucumber-gherkin-messages-6.2.2.jar;D:\Curso Cucumber with Java-Automation Framework\M2\io\cucumber\messages\12.2.0\messages-12.2.0.jar;D:\Curso Cucumber with Java-Automation Framework\M2\io\cucumber\tag-expressions\3.0.0\tag-expressions-3.0.0.jar;D:\Curso Cucumber with Java-Automation Framework\M2\io\cucumber\cucumber-expressions\10.2.1\cucumber-expressions-10.2.1.jar;D:\Curso Cucumber with Java-Automation Framework\M2\io\cucumber\datatable\3.3.1\datatable-3.3.1.jar;D:\Curso Cucumber with Java-Automation Framework\M2\io\cucumber\cucumber-plugin\6.2.2\cucumber-plugin-6.2.2.jar;D:\Curso Cucumber with Java-Automation Framework\M2\io\cucumber\docstring\6.2.2\docstring-6.2.2.jar;D:\Curso Cucumber with Java-Automation Framework\M2\io\cucumber\html-formatter\7.0.0\html-formatter-7.0.0.jar;D:\Curso Cucumber with Java-Automation Framework\M2\org\apiguardian\apiguardian-api\1.1.0\apiguardian-api-1.1.0.jar;D:\Curso Cucumber with Java-Automation Framework\M2\io\cucumber\cucumber-junit\6.2.2\cucumber-junit-6.2.2.jar;D:\Curso Cucumber with Java-Automation Framework\M2\org\seleniumhq\selenium\selenium-java\3.141.59\selenium-java-3.141.59.jar;D:\Curso Cucumber with Java-Automation Framework\M2\org\seleniumhq\selenium\selenium-api\3.141.59\selenium-api-3.141.59.jar;D:\Curso Cucumber with Java-Automation Framework\M2\org\seleniumhq\selenium\selenium-chrome-driver\3.141.59\selenium-chrome-driver-3.141.59.jar;D:\Curso Cucumber with Java-Automation Framework\M2\org\seleniumhq\selenium\selenium-edge-driver\3.141.59\selenium-edge-driver-3.141.59.jar;D:\Curso Cucumber with Java-Automation Framework\M2\org\seleniumhq\selenium\selenium-firefox-driver\3.141.59\selenium-firefox-driver-3.141.59.jar;D:\Curso Cucumber with Java-Automation Framework\M2\org\seleniumhq\selenium\selenium-ie-driver\3.141.59\selenium-ie-driver-3.141.59.jar;D:\Curso Cucumber with Java-Automation Framework\M2\org\seleniumhq\selenium\selenium-opera-driver\3.141.59\selenium-opera-driver-3.141.59.jar;D:\Curso Cucumber with Java-Automation Framework\M2\org\seleniumhq\selenium\selenium-remote-driver\3.141.59\selenium-remote-driver-3.141.59.jar;D:\Curso Cucumber with Java-Automation Framework\M2\org\seleniumhq\selenium\selenium-safari-driver\3.141.59\selenium-safari-driver-3.141.59.jar;D:\Curso Cucumber with Java-Automation Framework\M2\org\seleniumhq\selenium\selenium-support\3.141.59\selenium-support-3.141.59.jar;D:\Curso Cucumber with Java-Automation Framework\M2\net\bytebuddy\byte-buddy\1.8.15\byte-buddy-1.8.15.jar;D:\Curso Cucumber with Java-Automation Framework\M2\org\apache\commons\commons-exec\1.3\commons-exec-1.3.jar;D:\Curso Cucumber with Java-Automation Framework\M2\com\google\guava\guava\25.0-jre\guava-25.0-jre.jar;D:\Curso Cucumber with Java-Automation Framework\M2\com\google\code\findbugs\jsr305\1.3.9\jsr305-1.3.9.jar;D:\Curso Cucumber with Java-Automation Framework\M2\org\checkerframework\checker-compat-qual\2.0.0\checker-compat-qual-2.0.0.jar;D:\Curso Cucumber with Java-Automation Framework\M2\com\google\errorprone\error_prone_annotations\2.1.3\error_prone_annotations-2.1.3.jar;D:\Curso Cucumber with Java-Automation Framework\M2\com\google\j2objc\j2objc-annotations\1.1\j2objc-annotations-1.1.jar;D:\Curso Cucumber with Java-Automation Framework\M2\org\codehaus\mojo\animal-sniffer-annotations\1.14\animal-sniffer-annotations-1.14.jar;D:\Curso Cucumber with Java-Automation Framework\M2\com\squareup\okhttp3\okhttp\3.11.0\okhttp-3.11.0.jar;D:\Curso Cucumber with Java-Automation Framework\M2\com\squareup\okio\okio\1.14.0\okio-1.14.0.jar;D:\Curso Cucumber with Java-Automation Framework\M2\junit\junit\4.11\junit-4.11.jar;D:\Curso Cucumber with Java-Automation Framework\M2\org\hamcrest\hamcrest-core\1.3\hamcrest-core-1.3.jar;"/>
    <property name="java.vm.vendor" value="Oracle Corporation"/>
    <property name="sun.arch.data.model" value="64"/>
    <property name="user.variant" value=""/>
    <property name="java.vendor.url" value="http://java.oracle.com/"/>
    <property name="user.timezone" value="America/Santiago"/>
    <property name="java.vm.specification.version" value="1.8"/>
    <property name="os.name" value="Windows 10"/>
    <property name="user.country" value="ES"/>
    <property name="sun.java.launcher" value="SUN_STANDARD"/>
    <property name="sun.boot.library.path" value="C:\Program Files\Java\jdk1.8.0_221\jre\bin"/>
    <property name="sun.java.command" value="C:\Windows\TEMP\surefire3630985261830424862\surefirebooter4648823183757397312.jar C:\Windows\Temp\surefire3630985261830424862 2020-07-27T16-42-46_599-jvmRun1 surefire6516405881312482750tmp surefire_03888420470789364371tmp"/>
    <property name="surefire.test.class.path" value="D:\Curso Cucumber with Java-Automation Framework\Automation\target\test-classes;D:\Curso Cucumber with Java-Automation Framework\Automation\target\classes;D:\Curso Cucumber with Java-Automation Framework\M2\io\cucumber\cucumber-java\6.2.2\cucumber-java-6.2.2.jar;D:\Curso Cucumber with Java-Automation Framework\M2\io\cucumber\cucumber-core\6.2.2\cucumber-core-6.2.2.jar;D:\Curso Cucumber with Java-Automation Framework\M2\io\cucumber\cucumber-gherkin\6.2.2\cucumber-gherkin-6.2.2.jar;D:\Curso Cucumber with Java-Automation Framework\M2\io\cucumber\cucumber-gherkin-messages\6.2.2\cucumber-gherkin-messages-6.2.2.jar;D:\Curso Cucumber with Java-Automation Framework\M2\io\cucumber\messages\12.2.0\messages-12.2.0.jar;D:\Curso Cucumber with Java-Automation Framework\M2\io\cucumber\tag-expressions\3.0.0\tag-expressions-3.0.0.jar;D:\Curso Cucumber with Java-Automation Framework\M2\io\cucumber\cucumber-expressions\10.2.1\cucumber-expressions-10.2.1.jar;D:\Curso Cucumber with Java-Automation Framework\M2\io\cucumber\datatable\3.3.1\datatable-3.3.1.jar;D:\Curso Cucumber with Java-Automation Framework\M2\io\cucumber\cucumber-plugin\6.2.2\cucumber-plugin-6.2.2.jar;D:\Curso Cucumber with Java-Automation Framework\M2\io\cucumber\docstring\6.2.2\docstring-6.2.2.jar;D:\Curso Cucumber with Java-Automation Framework\M2\io\cucumber\html-formatter\7.0.0\html-formatter-7.0.0.jar;D:\Curso Cucumber with Java-Automation Framework\M2\org\apiguardian\apiguardian-api\1.1.0\apiguardian-api-1.1.0.jar;D:\Curso Cucumber with Java-Automation Framework\M2\io\cucumber\cucumber-junit\6.2.2\cucumber-junit-6.2.2.jar;D:\Curso Cucumber with Java-Automation Framework\M2\org\seleniumhq\selenium\selenium-java\3.141.59\selenium-java-3.141.59.jar;D:\Curso Cucumber with Java-Automation Framework\M2\org\seleniumhq\selenium\selenium-api\3.141.59\selenium-api-3.141.59.jar;D:\Curso Cucumber with Java-Automation Framework\M2\org\seleniumhq\selenium\selenium-chrome-driver\3.141.59\selenium-chrome-driver-3.141.59.jar;D:\Curso Cucumber with Java-Automation Framework\M2\org\seleniumhq\selenium\selenium-edge-driver\3.141.59\selenium-edge-driver-3.141.59.jar;D:\Curso Cucumber with Java-Automation Framework\M2\org\seleniumhq\selenium\selenium-firefox-driver\3.141.59\selenium-firefox-driver-3.141.59.jar;D:\Curso Cucumber with Java-Automation Framework\M2\org\seleniumhq\selenium\selenium-ie-driver\3.141.59\selenium-ie-driver-3.141.59.jar;D:\Curso Cucumber with Java-Automation Framework\M2\org\seleniumhq\selenium\selenium-opera-driver\3.141.59\selenium-opera-driver-3.141.59.jar;D:\Curso Cucumber with Java-Automation Framework\M2\org\seleniumhq\selenium\selenium-remote-driver\3.141.59\selenium-remote-driver-3.141.59.jar;D:\Curso Cucumber with Java-Automation Framework\M2\org\seleniumhq\selenium\selenium-safari-driver\3.141.59\selenium-safari-driver-3.141.59.jar;D:\Curso Cucumber with Java-Automation Framework\M2\org\seleniumhq\selenium\selenium-support\3.141.59\selenium-support-3.141.59.jar;D:\Curso Cucumber with Java-Automation Framework\M2\net\bytebuddy\byte-buddy\1.8.15\byte-buddy-1.8.15.jar;D:\Curso Cucumber with Java-Automation Framework\M2\org\apache\commons\commons-exec\1.3\commons-exec-1.3.jar;D:\Curso Cucumber with Java-Automation Framework\M2\com\google\guava\guava\25.0-jre\guava-25.0-jre.jar;D:\Curso Cucumber with Java-Automation Framework\M2\com\google\code\findbugs\jsr305\1.3.9\jsr305-1.3.9.jar;D:\Curso Cucumber with Java-Automation Framework\M2\org\checkerframework\checker-compat-qual\2.0.0\checker-compat-qual-2.0.0.jar;D:\Curso Cucumber with Java-Automation Framework\M2\com\google\errorprone\error_prone_annotations\2.1.3\error_prone_annotations-2.1.3.jar;D:\Curso Cucumber with Java-Automation Framework\M2\com\google\j2objc\j2objc-annotations\1.1\j2objc-annotations-1.1.jar;D:\Curso Cucumber with Java-Automation Framework\M2\org\codehaus\mojo\animal-sniffer-annotations\1.14\animal-sniffer-annotations-1.14.jar;D:\Curso Cucumber with Java-Automation Framework\M2\com\squareup\okhttp3\okhttp\3.11.0\okhttp-3.11.0.jar;D:\Curso Cucumber with Java-Automation Framework\M2\com\squareup\okio\okio\1.14.0\okio-1.14.0.jar;D:\Curso Cucumber with Java-Automation Framework\M2\junit\junit\4.11\junit-4.11.jar;D:\Curso Cucumber with Java-Automation Framework\M2\org\hamcrest\hamcrest-core\1.3\hamcrest-core-1.3.jar;"/>
    <property name="sun.cpu.endian" value="little"/>
    <property name="user.home" value="C:\Windows\syswow64\config\systemprofile"/>
    <property name="user.language" value="es"/>
    <property name="java.specification.vendor" value="Oracle Corporation"/>
    <property name="java.home" value="C:\Program Files\Java\jdk1.8.0_221\jre"/>
    <property name="basedir" value="D:\Curso Cucumber with Java-Automation Framework\Automation"/>
    <property name="file.separator" value="\"/>
    <property name="line.separator" value="&#10;"/>
    <property name="java.vm.specification.vendor" value="Oracle Corporation"/>
    <property name="java.specification.name" value="Java Platform API Specification"/>
    <property name="java.awt.graphicsenv" value="sun.awt.Win32GraphicsEnvironment"/>
    <property name="surefire.real.class.path" value="C:\Windows\TEMP\surefire3630985261830424862\surefirebooter4648823183757397312.jar"/>
    <property name="sun.boot.class.path" value="C:\Program Files\Java\jdk1.8.0_221\jre\lib\resources.jar;C:\Program Files\Java\jdk1.8.0_221\jre\lib\rt.jar;C:\Program Files\Java\jdk1.8.0_221\jre\lib\sunrsasign.jar;C:\Program Files\Java\jdk1.8.0_221\jre\lib\jsse.jar;C:\Program Files\Java\jdk1.8.0_221\jre\lib\jce.jar;C:\Program Files\Java\jdk1.8.0_221\jre\lib\charsets.jar;C:\Program Files\Java\jdk1.8.0_221\jre\lib\jfr.jar;C:\Program Files\Java\jdk1.8.0_221\jre\classes"/>
    <property name="user.script" value=""/>
    <property name="sun.management.compiler" value="HotSpot 64-Bit Tiered Compilers"/>
    <property name="java.runtime.version" value="1.8.0_221-b11"/>
    <property name="user.name" value="DESKTOP-34H6RUD$"/>
    <property name="path.separator" value=";"/>
    <property name="os.version" value="10.0"/>
    <property name="java.endorsed.dirs" value="C:\Program Files\Java\jdk1.8.0_221\jre\lib\endorsed"/>
    <property name="java.runtime.name" value="Java(TM) SE Runtime Environment"/>
    <property name="file.encoding" value="Cp1252"/>
    <property name="java.vm.name" value="Java HotSpot(TM) 64-Bit Server VM"/>
    <property name="localRepository" value="D:\Curso Cucumber with Java-Automation Framework\M2"/>
    <property name="java.vendor.url.bug" value="http://bugreport.sun.com/bugreport/"/>
    <property name="java.io.tmpdir" value="C:\Windows\TEMP\"/>
    <property name="cucumber.filter.tags" value="@SmokeTest"/>
    <property name="java.version" value="1.8.0_221"/>
    <property name="user.dir" value="D:\Curso Cucumber with Java-Automation Framework\Automation"/>
    <property name="os.arch" value="amd64"/>
    <property name="java.vm.specification.name" value="Java Virtual Machine Specification"/>
    <property name="java.awt.printerjob" value="sun.awt.windows.WPrinterJob"/>
    <property name="sun.os.patch.level" value=""/>
    <property name="java.library.path" value="C:\Program Files\Java\jdk1.8.0_221\jre\bin;C:\Windows\Sun\Java\bin;C:\Windows\system32;C:\Windows;D:\Programas\apache-maven-3.6.3/bin;C:\Program Files\Java\jdk1.8.0_221/bin;C:\Program Files\Java\jdk1.8.0_221/bin;C:\Python38\Scripts\;C:\Python38\;C:\Program Files (x86)\Common Files\Oracle\Java\javapath;C:\Windows\system32;C:\Windows;C:\Windows\System32\Wbem;C:\Windows\System32\WindowsPowerShell\v1.0\;C:\Windows\System32\OpenSSH\;C:\Program Files\NVIDIA Corporation\NVIDIA NvDLISR;C:\Program Files (x86)\NVIDIA Corporation\PhysX\Common;C:\Users\Rodrigo\AppData\Local\Programs\Python\Python37\IEDriverServer.exe;C:\Program Files\Java\jdk1.8.0_221\bin;C:\Program Files\dotnet\;C:\Program Files\Git\cmd;C:\Program Files\Microsoft SQL Server\130\Tools\Binn\;C:\Program Files\Microsoft SQL Server\Client SDK\ODBC\170\Tools\Binn\;C:\ProgramData\chocolatey\bin;C:\Program Files\nodejs\;C:\Users\Rodrigo\AppData\Roaming\npm;D:\Programas\apache-maven-3.6.3\bin;C:\Windows\syswow64\config\systemprofile\AppData\Local\Microsoft\WindowsApps;."/>
    <property name="java.vm.info" value="mixed mode"/>
    <property name="java.vendor" value="Oracle Corporation"/>
    <property name="java.vm.version" value="25.221-b11"/>
    <property name="java.ext.dirs" value="C:\Program Files\Java\jdk1.8.0_221\jre\lib\ext;C:\Windows\Sun\Java\lib\ext"/>
    <property name="sun.io.unicode.encoding" value="UnicodeLittle"/>
    <property name="java.class.version" value="52.0"/>
  </properties>
  <testcase name="User is on Greencart landing page" classname="Search for items and validate results" time="12.193"/>
  <testcase name="User searched for Cucumber Vegetable" classname="Search for items and validate results" time="2.224"/>
  <testcase name="&quot;Cucumber&quot; result are displayed" classname="Search for items and validate results" time="0.074"/>
  <testcase name="Search for items and validate results" classname="Search for items and validate results" time="0.15"/>
</testsuite>